<?xml version="1.0" encoding="UTF-8"?>
<!-- Generated by org.testng.reporters.JUnitXMLReporter -->
<testsuite hostname="Supergirl-PC" ignored="0" name="Test" tests="1" failures="1" timestamp="25 Dec 2019 07:56:45 GMT" time="16.424" errors="0">
  <testcase name="productPriceCompare" time="0.15" classname="com.app.testScripts.priceTest">
    <failure type="java.lang.NullPointerException">
      <![CDATA[java.lang.NullPointerException
	at com.app.testScripts.priceTest.productPriceCompare(priceTest.java:25)
... Removed 25 stack frames]]>
    </failure>
  </testcase> <!-- productPriceCompare -->
</testsuite> <!-- Test -->
